FHIR IG Publisher Version 2.0.8 (Git# e7d965b03a28). Built 2025-06-27T22:18:09.321Z (3 days old)
Detected Java version: 23-ea from /usr/local/openjdk-23 on amd64 (64bit). 4096MB available
dir = /workspace, path = /home/publisher/bin:/home/publisher/bin/ig-publisher-scripts:/home/publisher/.node/bin:/usr/local/openjdk-23/bin:/usr/local/sbin:/usr/local/bin:/usr/sbin:/usr/bin:/sbin:/bin
Parameters: -go-publish -package-cache-folder /workspace/fhir-package-cache -source /workspace/source -web /workspace/webroot -temp /workspace/temp -registry /workspace/ig-registry/fhir-ig-list.json -history /workspace/history-template -templates /workspace/webroot/templates
---------------
Publication Run: publish /workspace/source to /workspace/webroot
Relative directory for IG is '/ra'
===== Web Publication Run Details ===============================
 Source IG: smart.who.int.ra#0.1.0 : http://smart.who.int/ra (R4) from /workspace/source
All checks passed. Do the publication build from /workspace/source and publish to /workspace/temp/web-root/run-20250701/ra
Prepare Build space in /workspace/temp/ig-builds/smart.who.int.ra#0.1.0
Build IG at /workspace/source: final copy suitable for publication (in /workspace/temp/ig-builds/smart.who.int.ra#0.1.0)
FHIR IG Publisher Version 2.0.8 (Git# e7d965b03a28). Built 2025-06-27T22:18:09.321Z (3 days old)    
Detected Java version: 23-ea from /usr/local/openjdk-23 on Linux/amd64 (64bit). 4096MB available    
dir = /workspace, path = /home/publisher/bin:/home/publisher/bin/ig-publisher-scripts:/home/publisher/.node/bin:/usr/local/openjdk-23/bin:/usr/local/sbin:/usr/local/bin:/usr/sbin:/usr/bin:/sbin:/bin
Parameters: -ig /workspace/temp/ig-builds/smart.who.int.ra#0.1.0 -resetTx -publish http://smart.who.int/ra/v0.1.0 -no-exit
Character encoding = UTF-8 / UTF-8                                                                  
Start Clock @ Tuesday, July 1, 2025, 7:59:35 AM Coordinated Universal Time (2025-07-01T07:59:35Z)   
                                                                                                    
Build FHIR IG from /workspace/temp/ig-builds/smart.who.int.ra#0.1.0                                  (00:00.029 / 00:00.029, 18Mb)
Build Formal Publication package, intended for http://smart.who.int/ra/v0.1.0                        (00:00.003 / 00:00.032, 18Mb)
API keys loaded from /home/publisher/.fhir/fhir-settings.json                                        (00:00.001 / 00:00.033, 18Mb)
Package Cache: /home/publisher/.fhir/packages                                                        (00:00.003 / 00:00.037, 18Mb)
Found dependency on hl7.terminology#5.5.0 in Sushi config. Pre-installing                            (00:00.004 / 00:00.041, 18Mb)
[39mInstalling hl7.terminology#5.5.0 to the package cache
[0;39m[39m  Fetching:
[0;39m[39m
[0;39m[39mInstalling hl7.terminology#5.5.0
[0;39m[39m done.
[0;39mFound dependency on hl7.fhir.uv.extensions.r4#5.1.0 in Sushi config. Pre-installing                  (00:02.520 / 00:02.562, 79Mb)
[39mInstalling hl7.fhir.uv.extensions.r4#5.1.0 to the package cache
[0;39m[39m  Fetching:
[0;39m[39m
[0;39m[39mInstalling hl7.fhir.uv.extensions.r4#5.1.0
[0;39m[39m done.
[0;39mFound dependency on hl7.fhir.uv.cql#1.0.0 in Sushi config. Pre-installing                            (00:01.176 / 00:03.738, 67Mb)
[39mInstalling hl7.fhir.uv.cql#1.0.0 to the package cache
[0;39m[39m  Fetching:
[0;39m[39m
[0;39m[39mInstalling hl7.fhir.uv.cql#1.0.0
[0;39m[39m done.
[0;39mFound dependency on hl7.fhir.uv.crmi#1.0.0 in Sushi config. Pre-installing                           (00:00.575 / 00:04.313, 77Mb)
[39mInstalling hl7.fhir.uv.crmi#1.0.0 to the package cache
[0;39m[39m  Fetching:
[0;39m[39m
[0;39m[39mInstalling hl7.fhir.uv.crmi#1.0.0
[0;39m[39m done.
[0;39mFound dependency on hl7.fhir.uv.sdc#3.0.0 in Sushi config. Pre-installing                            (00:01.145 / 00:05.458, 26Mb)
[39mInstalling hl7.fhir.uv.sdc#3.0.0 to the package cache
[0;39m[39m  Fetching:
[0;39m[39m
[0;39m[39mInstalling hl7.fhir.uv.sdc#3.0.0
[0;39m[39m done.
[0;39mFound dependency on hl7.fhir.uv.cpg#2.0.0 in Sushi config. Pre-installing                            (00:01.101 / 00:06.560, 53Mb)
[39mInstalling hl7.fhir.uv.cpg#2.0.0 to the package cache
[0;39m[39m  Fetching:
[0;39m[39m
[0;39m[39mInstalling hl7.fhir.uv.cpg#2.0.0
[0;39m[39m done.
[0;39mFound dependency on hl7.fhir.us.cqfmeasures#5.0.0 in Sushi config. Pre-installing                    (00:01.667 / 00:08.228, 34Mb)
[39mInstalling hl7.fhir.us.cqfmeasures#5.0.0 to the package cache
[0;39m[39m  Fetching:
[0;39m[39m
[0;39m[39mInstalling hl7.fhir.us.cqfmeasures#5.0.0
[0;39m[39m done.
[0;39mFound dependency on hl7.fhir.uv.extensions.r5#5.2.0 in Sushi config. Pre-installing                  (00:00.723 / 00:08.951, 49Mb)
[39mInstalling hl7.fhir.uv.extensions.r5#5.2.0 to the package cache
[0;39m[39m  Fetching:
[0;39m[39m
[0;39m[39mInstalling hl7.fhir.uv.extensions.r5#5.2.0
[0;39m[39m done.
[0;39mFound dependency on ihe.iti.mcsd#4.0.0 in Sushi config. Pre-installing                               (00:01.123 / 00:10.074, 88Mb)
[39mInstalling ihe.iti.mcsd#4.0.0 to the package cache
[0;39m[39m  Fetching:
[0;39m[39m
[0;39m[39mInstalling ihe.iti.mcsd#4.0.0
[0;39m[39m done.
[0;39mFound dependency on ihe.iti.svcm#1.5.1 in Sushi config. Pre-installing                               (00:00.767 / 00:10.841, 22Mb)
[39mInstalling ihe.iti.svcm#1.5.1 to the package cache
[0;39m[39m  Fetching:
[0;39m[39m
[0;39m[39mInstalling ihe.iti.svcm#1.5.1
[0;39m[39m done.
[0;39mRun Sushi on /workspace/temp/ig-builds/smart.who.int.ra#0.1.0                                        (00:00.879 / 00:11.721, 26Mb)
Sushi: info  Running SUSHI v3.16.2 (implements FHIR Shorthand specification v3.0.0)                  (00:00.453 / 00:12.174, 28Mb)
Sushi: info  Arguments:                                                                              (00:00.000 / 00:12.175, 28Mb)
Sushi: info    --require-latest                                                                      (00:00.000 / 00:12.176, 28Mb)
Sushi: info    --out /workspace/temp/ig-builds/smart.who.int.ra#0.1.0                                (00:00.000 / 00:12.177, 28Mb)
Sushi: info    /workspace/temp/ig-builds/smart.who.int.ra#0.1.0                                      (00:00.000 / 00:12.178, 28Mb)
Sushi: info  Using configuration file: /workspace/temp/ig-builds/smart.who.int.ra#0.1.0/sushi-config.yaml (00:00.378 / 00:12.556, 28Mb)
Sushi: info  Importing FSH text...                                                                   (00:00.110 / 00:12.666, 28Mb)
Sushi: info  Preprocessed 4 documents with 10 aliases.                                               (00:00.090 / 00:12.757, 28Mb)
Sushi: info  Imported 0 definitions and 9 instances.                                                 (00:00.006 / 00:12.763, 28Mb)
Sushi: info  Loaded virtual package sushi-r5forR4#1.0.0 with 7 resources                             (00:00.099 / 00:12.863, 28Mb)
Sushi: info  Resolved hl7.fhir.uv.tools.r4#latest to concrete version 0.5.0                          (00:00.516 / 00:13.379, 28Mb)
Sushi: info  Attempting to download hl7.fhir.uv.tools.r4#0.5.0 from https://packages.fhir.org/hl7.fhir.uv.tools.r4/0.5.0 (00:00.001 / 00:13.380, 28Mb)
Sushi: info  Downloaded hl7.fhir.uv.tools.r4#0.5.0                                                   (00:00.287 / 00:13.668, 28Mb)
Sushi: info  Cached hl7.fhir.uv.tools.r4#0.5.0 to /home/publisher/.fhir/packages/hl7.fhir.uv.tools.r4#0.5.0 (00:00.002 / 00:13.670, 28Mb)
Sushi: info  Loaded hl7.fhir.uv.tools.r4#0.5.0 with 88 resources                                     (00:00.041 / 00:13.712, 28Mb)
Sushi: info  Loaded hl7.terminology#5.5.0 with 4260 resources                                        (00:00.988 / 00:14.700, 28Mb)
Sushi: info  Loaded hl7.fhir.uv.extensions.r4#5.1.0 with 1397 resources                              (00:00.352 / 00:15.053, 28Mb)
Sushi: info  Loaded hl7.fhir.uv.cql#1.0.0 with 15 resources                                          (00:00.009 / 00:15.062, 28Mb)
Sushi: info  Loaded hl7.fhir.uv.crmi#1.0.0 with 79 resources                                         (00:00.043 / 00:15.105, 28Mb)
Sushi: info  Loaded hl7.fhir.uv.sdc#3.0.0 with 105 resources                                         (00:00.040 / 00:15.146, 28Mb)
Sushi: info  Loaded hl7.fhir.uv.cpg#2.0.0 with 136 resources                                         (00:00.061 / 00:15.207, 28Mb)
Sushi: info  Loaded hl7.fhir.us.cqfmeasures#5.0.0 with 88 resources                                  (00:00.044 / 00:15.251, 28Mb)
Sushi: info  Loaded hl7.fhir.uv.extensions.r5#5.2.0 with 759 resources                               (00:00.182 / 00:15.434, 28Mb)
Sushi: info  Loaded ihe.iti.mcsd#4.0.0 with 48 resources                                             (00:00.023 / 00:15.457, 28Mb)
Sushi: info  Loaded ihe.iti.svcm#1.5.1 with 17 resources                                             (00:00.023 / 00:15.481, 28Mb)
Sushi: info  Attempting to download smart.who.int.pcmt#0.1.0 from https://packages.fhir.org/smart.who.int.pcmt/0.1.0 (00:00.001 / 00:15.482, 28Mb)
Sushi: info  Downloaded smart.who.int.pcmt#0.1.0                                                     (00:00.103 / 00:15.585, 28Mb)
Sushi: info  Cached smart.who.int.pcmt#0.1.0 to /home/publisher/.fhir/packages/smart.who.int.pcmt#0.1.0 (00:00.001 / 00:15.586, 28Mb)
Sushi: info  Loaded smart.who.int.pcmt#0.1.0 with 15 resources                                       (00:00.004 / 00:15.591, 28Mb)
Sushi: info  Attempting to download smart.who.int.base#0.2.0 from https://packages.fhir.org/smart.who.int.base/0.2.0 (00:00.000 / 00:15.592, 28Mb)
Sushi: info  Downloaded smart.who.int.base#0.2.0                                                     (00:00.204 / 00:15.797, 28Mb)
Sushi: info  Cached smart.who.int.base#0.2.0 to /home/publisher/.fhir/packages/smart.who.int.base#0.2.0 (00:00.001 / 00:15.798, 28Mb)
Sushi: info  Loaded smart.who.int.base#0.2.0 with 31 resources                                       (00:00.017 / 00:15.815, 28Mb)
Sushi: info  Attempting to download hl7.fhir.r4.core#4.0.1 from https://packages.fhir.org/hl7.fhir.r4.core/4.0.1 (00:00.000 / 00:15.816, 28Mb)
Sushi: info  Downloaded hl7.fhir.r4.core#4.0.1                                                       (00:01.351 / 00:17.168, 28Mb)
Sushi: info  Cached hl7.fhir.r4.core#4.0.1 to /home/publisher/.fhir/packages/hl7.fhir.r4.core#4.0.1  (00:00.001 / 00:17.169, 28Mb)
Sushi: info  Loaded hl7.fhir.r4.core#4.0.1 with 4581 resources                                       (00:00.871 / 00:18.041, 28Mb)
Sushi: info  Found 1 non-JSON / non-XML file(s) in directory: /workspace/temp/ig-builds/smart.who.int.ra#0.1.0/input/examples. Only resource files with JSON or XML extensions are supported. To see the skipped files in the logs, use debug logging. (00:00.006 / 00:18.047, 28Mb)
Sushi: info  Found 1 non-JSON / non-XML file(s) in directory: /workspace/temp/ig-builds/smart.who.int.ra#0.1.0/input/extensions. Only resource files with JSON or XML extensions are supported. To see the skipped files in the logs, use debug logging. (00:00.001 / 00:18.049, 28Mb)
Sushi: info  Found 1 non-JSON / non-XML file(s) in directory: /workspace/temp/ig-builds/smart.who.int.ra#0.1.0/input/models. Only resource files with JSON or XML extensions are supported. To see the skipped files in the logs, use debug logging. (00:00.002 / 00:18.051, 28Mb)
Sushi: info  Found 1 non-JSON / non-XML file(s) in directory: /workspace/temp/ig-builds/smart.who.int.ra#0.1.0/input/profiles. Only resource files with JSON or XML extensions are supported. To see the skipped files in the logs, use debug logging. (00:00.001 / 00:18.053, 28Mb)
Sushi: info  Found 1 non-JSON / non-XML file(s) in directory: /workspace/temp/ig-builds/smart.who.int.ra#0.1.0/input/resources. Only resource files with JSON or XML extensions are supported. To see the skipped files in the logs, use debug logging. (00:00.001 / 00:18.054, 28Mb)
Sushi: info  Found 1 non-JSON / non-XML file(s) in directory: /workspace/temp/ig-builds/smart.who.int.ra#0.1.0/input/vocabulary. Only resource files with JSON or XML extensions are supported. To see the skipped files in the logs, use debug logging. (00:00.001 / 00:18.056, 28Mb)
Sushi: info  Loaded virtual package sushi-local#LOCAL with 0 resources                               (00:00.001 / 00:18.057, 28Mb)
Sushi: info  Converting FSH to FHIR resources...                                                     (00:00.012 / 00:18.070, 28Mb)
Sushi: info  Converted 9 FHIR instances.                                                             (00:00.184 / 00:18.254, 28Mb)
Sushi: info  Exporting FHIR resources as JSON...                                                     (00:00.000 / 00:18.255, 28Mb)
Sushi: info  Exported 9 FHIR resources as JSON.                                                      (00:00.002 / 00:18.258, 28Mb)
Sushi: info  Assembling Implementation Guide sources...                                              (00:00.001 / 00:18.259, 28Mb)
Sushi: info  Generated ImplementationGuide-smart.who.int.ra.json                                     (00:00.031 / 00:18.290, 28Mb)
Sushi: info  Assembled Implementation Guide sources; ready for IG Publisher.                         (00:00.001 / 00:18.291, 28Mb)
Sushi: ========================= SUSHI RESULTS ===========================                           (00:00.000 / 00:18.292, 28Mb)
Sushi: |  -------------------------------------------------------------  |                           (00:00.000 / 00:18.293, 28Mb)
Sushi: | |    Profiles   |  Extensions  |   Logicals   |   Resources   | |                           (00:00.000 / 00:18.294, 28Mb)
Sushi: | |-------------------------------------------------------------| |                           (00:00.000 / 00:18.295, 28Mb)
Sushi: | |       0       |      0       |      0       |       0       | |                           (00:00.000 / 00:18.295, 28Mb)
Sushi: |  -------------------------------------------------------------  |                           (00:00.000 / 00:18.296, 28Mb)
Sushi: |  -------------------------------------------------------------  |                           (00:00.000 / 00:18.296, 28Mb)
Sushi: | |      ValueSets     |    CodeSystems    |     Instances      | |                           (00:00.000 / 00:18.297, 28Mb)
Sushi: | |-------------------------------------------------------------| |                           (00:00.000 / 00:18.298, 28Mb)
Sushi: | |         0          |         0         |         9          | |                           (00:00.000 / 00:18.298, 28Mb)
Sushi: |  -------------------------------------------------------------  |                           (00:00.000 / 00:18.299, 28Mb)
Sushi: |                                                                 |                           (00:00.000 / 00:18.300, 28Mb)
Sushi: ===================================================================                           (00:00.000 / 00:18.300, 28Mb)
Sushi: | Ac-clam-ations!                        0 Errors      0 Warnings |                           (00:00.000 / 00:18.301, 28Mb)
Sushi: ===================================================================                           (00:00.000 / 00:18.302, 28Mb)
Unable to load IG as an r5 IG - try R4 (property code is a class com.google.gson.JsonPrimitive looking for an object) (00:00.514 / 00:18.816, 45Mb)
Load Template from who.template.root#current                                                         (00:00.497 / 00:19.313, 38Mb)
[39mInstalling who.template.root#current to the package cache
[0;39m[39m  Fetching:
[0;39m[39m
[0;39m[39mInstalling who.template.root#current
[0;39m[39m done.
[0;39m Load Template from fhir.base.template#current                                                       (00:00.677 / 00:19.990, 71Mb)
[39mInstalling fhir.base.template#current to the package cache
[0;39m[39m  Fetching:
[0;39m[39m
[0;39m[39mInstalling fhir.base.template#current
[0;39m[39m done.
[0;39mRoot directory: /workspace/temp/ig-builds/smart.who.int.ra#0.1.0                                     (00:03.123 / 00:23.114, 94Mb)
Terminology Cache is at /workspace/temp/ig-builds/smart.who.int.ra#0.1.0/input-cache/txcache. Clearing now (00:00.366 / 00:23.481, 108Mb)
Core Package hl7.fhir.r4.core#4.0.1
Signing Certificate: RSA key for Subject: OU=IG Publisher, L=Ann Arbor, CN=hl7.org, O=HL7, ST=Missouri, C=us from: OU=IG Publisher, L=Ann Arbor, CN=hl7.org, O=HL7, ST=Missouri, C=us
Running Terminology Log: /tmp/ohfu-fhir-ig-7898580729449545243.html
Connect to Terminology Server at http://tx.fhir.org                                                  (00:11.275 / 00:34.756, 186Mb)
[39mInstalling hl7.fhir.pubpack#0.2.3 to the package cache
[0;39m[39m  Fetching:
[0;39m[39m
[0;39m[39mInstalling hl7.fhir.pubpack#0.2.3
[0;39m[39m done.
[0;39m[39mLoad Package hl7.fhir.pubpack#0.2.3
[0;39m[39mInstalling hl7.fhir.xver-extensions#0.1.0 to the package cache
[0;39m[39m  Fetching:
[0;39m[39m
[0;39m[39mInstalling hl7.fhir.xver-extensions#0.1.0
[0;39m[39m done.
[0;39m[39mLoad Package hl7.fhir.xver-extensions#0.1.0
[0;39m[39mInstalling hl7.fhir.uv.extensions.r4#1.0.0 to the package cache
[0;39m[39m  Fetching:
[0;39m[39m
[0;39m[39mInstalling hl7.fhir.uv.extensions.r4#1.0.0
[0;39m[39m done.
[0;39m[39mLoad Package hl7.fhir.uv.extensions.r4#1.0.0
[0;39m[39mLoad Package hl7.terminology#5.5.0
[0;39m[39mLoad Package hl7.fhir.uv.extensions.r4#5.1.0
[0;39m[39mLoad Package hl7.fhir.uv.cql#1.0.0
[0;39m[39mLoad Package hl7.fhir.uv.crmi#1.0.0
[0;39mIgnore Dependency on Core FHIR hl7.fhir.r4.examples#4.0.1, from package 'hl7.fhir.uv.sdc#3.0.0'      (00:08.203 / 00:42.960, 471Mb)
[39mLoad Package hl7.fhir.uv.sdc#3.0.0
[0;39m[39mInstalling hl7.terminology.r4#6.1.0 to the package cache
[0;39m[39m  Fetching:
[0;39m[39m
[0;39m[39mInstalling hl7.terminology.r4#6.1.0
[0;39m[39m done.
[0;39m[39mLoad Package hl7.terminology.r4#6.1.0
[0;39m[39mLoad Package hl7.fhir.uv.cpg#2.0.0
[0;39m[39mInstalling hl7.terminology.r4#6.0.2 to the package cache
[0;39m[39m  Fetching:
[0;39m[39m
[0;39m[39mInstalling hl7.terminology.r4#6.0.2
[0;39m[39m done.
[0;39m[39mLoad Package hl7.terminology.r4#6.0.2
[0;39m[39mLoad Package hl7.fhir.us.cqfmeasures#5.0.0
[0;39mVersion mismatch. This IG is version 4.0.1, while the IG 'hl7.fhir.uv.extensions.r5' is from version 5.0.0 (will try to run anyway) (00:04.669 / 00:47.629, 383Mb)
Ignore Dependency on Core FHIR hl7.fhir.r5.core#5.0.0, from package 'hl7.fhir.uv.extensions.r5#5.2.0' (00:00.000 / 00:47.630, 383Mb)
[39mLoad Package hl7.fhir.uv.extensions.r5#5.2.0
[0;39m[39mInstalling hl7.terminology.r4#6.3.0 to the package cache
[0;39m[39m  Fetching:
[0;39m[39m
[0;39m[39mInstalling hl7.terminology.r4#6.3.0
[0;39m[39m done.
[0;39m[39mLoad Package hl7.terminology.r4#6.3.0
[0;39m[39mInstalling ihe.iti.balp#1.1.3 to the package cache
[0;39m[39m  Fetching:
[0;39m[39m
[0;39m[39mInstalling ihe.iti.balp#1.1.3
[0;39m[39m done.
[0;39m[39mInstalling hl7.terminology.r4#5.3.0 to the package cache
[0;39m[39m  Fetching:
[0;39m[39m
[0;39m[39mInstalling hl7.terminology.r4#5.3.0
[0;39m[39m done.
[0;39m[39mLoad Package hl7.terminology.r4#5.3.0
[0;39m[39mLoad Package ihe.iti.balp#1.1.3
[0;39m[39mLoad Package ihe.iti.mcsd#4.0.0
[0;39m[39mInstalling hl7.terminology.r4#5.0.0 to the package cache
[0;39m[39m  Fetching:
[0;39m[39m
[0;39m[39mInstalling hl7.terminology.r4#5.0.0
[0;39m[39m done.
[0;39m[39mLoad Package hl7.terminology.r4#5.0.0
[0;39m[39mLoad Package ihe.iti.balp#1.1.3
[0;39m[39mLoad Package ihe.iti.svcm#1.5.1
[0;39m[39mInstalling hl7.terminology.r4#6.4.0 to the package cache
[0;39m[39m  Fetching:
[0;39m[39m
[0;39m[39mInstalling hl7.terminology.r4#6.4.0
[0;39m[39m done.
[0;39m[39mLoad Package hl7.terminology.r4#6.4.0
[0;39m[39mInstalling smart.who.int.base#0.1.0 to the package cache
[0;39m[39m  Fetching:
[0;39m[39m
[0;39m[39mInstalling smart.who.int.base#0.1.0
[0;39m[39m done.
[0;39m[39mLoad Package smart.who.int.base#0.1.0
[0;39m[39mLoad Package smart.who.int.pcmt#0.1.0
[0;39m[39mLoad Package smart.who.int.base#0.2.0
[0;39m[39mLoad Package hl7.fhir.uv.tools.r4#0.5.0
[0;39mLoad R5 Specials
[39mInstalling hl7.fhir.r5.core#5.0.0 to the package cache
[0;39m[39m  Fetching:
[0;39m[39m
[0;39m[39mInstalling hl7.fhir.r5.core#5.0.0
[0;39m[39m done.
[0;39mInitialization complete                                                                              (00:32.901 / 01:20.532, 981Mb)
Load IG                                                                                              (00:00.000 / 01:20.533, 981Mb)
Load Content                                                                                         (00:00.001 / 01:20.534, 981Mb)
Using en-US as the default narrative language. (no language information in Implementation Guide)     (00:00.110 / 01:20.644, 987Mb)
Process Loaded Resources                                                                             (00:00.449 / 01:21.094, 1002Mb)
Generating Snapshots                                                                                 (00:00.084 / 01:21.178, 1016Mb)
loadPrePages from FetchedFile[/workspace/temp/ig-builds/smart.who.int.ra#0.1.0/fsh-generated/includes] as /workspace/temp/ig-builds/smart.who.int.ra#0.1.0/fsh-generated/includes
loadPrePages from FetchedFile[/workspace/temp/ig-builds/smart.who.int.ra#0.1.0/input/data] as /workspace/temp/ig-builds/smart.who.int.ra#0.1.0/input/data
loadPrePages from FetchedFile[/workspace/temp/ig-builds/smart.who.int.ra#0.1.0/input/pagecontent] as /workspace/temp/ig-builds/smart.who.int.ra#0.1.0/input/pagecontent
Fetch http://smart.who.int/ra/package-list.json for version check                                    (00:00.043 / 01:21.222, 1019Mb)
Processing Conformance Resources                                                                     (00:00.353 / 01:21.576, 1021Mb)
Checking Language                                                                                    (00:00.000 / 01:21.576, 1021Mb)
Load Dependency Info                                                                                 (00:00.001 / 01:21.577, 1021Mb)
Load Info                                                                                            (00:00.001 / 01:21.579, 1021Mb)
Load Paths                                                                                           (00:00.000 / 01:21.579, 1022Mb)
Check R4 / R4B                                                                                       (00:00.000 / 01:21.580, 1022Mb)
Assign Comparison Ids                                                                                (00:00.011 / 01:21.591, 1024Mb)
Propagating status                                                                                   (00:00.000 / 01:21.592, 1024Mb)
Generating Narratives                                                                                (00:00.000 / 01:21.592, 1024Mb)
Validating Conformance Resources                                                                     (00:00.168 / 01:21.761, 724Mb)
Check profiles & code systems                                                                        (00:39.686 / 02:01.448, 815Mb)
Check realm rules                                                                                    (00:00.001 / 02:01.449, 815Mb)
Previous Version Comparison                                                                          (00:00.001 / 02:01.450, 815Mb)
Validating Resources                                                                                 (00:00.010 / 02:01.460, 816Mb)
Processing Provenance Records                                                                        (00:00.001 / 02:01.462, 816Mb)
Checking for Bundles to sign                                                                         (00:00.000 / 02:01.463, 816Mb)
Generating Outputs in /workspace/temp/ig-builds/smart.who.int.ra#0.1.0/output                        (00:00.000 / 02:01.463, 816Mb)
Generate Native Outputs                                                                              (00:00.091 / 02:01.555, 823Mb)
Run Template                                                                                         (00:00.311 / 02:01.866, 852Mb)
Generate HTML Outputs                                                                                (00:00.879 / 02:02.746, 897Mb)
Generate Spreadsheets                                                                                (00:00.434 / 02:03.181, 937Mb)
Generate Summaries                                                                                   (00:00.000 / 02:03.181, 937Mb)
Generating Summary Outputs                                                                           (00:00.000 / 02:03.182, 937Mb)
DB Cumulative Time invested: 00:00:00.85
Sending Usage Stats to Server                                                                        (00:16.078 / 02:19.261, 1Gb)
## Memory (MB): Use = 2029, Free = 333, Total = 2362, Max = 4096                                     (00:00.006 / 02:19.267, 1Gb)
Reclaiming memory...                                                                                 (00:00.000 / 02:19.268, 1Gb)
## Memory (MB): Use = 1143, Free = 1218, Total = 2362, Max = 4096                                    (00:00.540 / 02:19.809, 1Gb)
Run jekyll: jekyll build --destination "/workspace/temp/ig-builds/smart.who.int.ra#0.1.0/output" (in folder /workspace/temp/ig-builds/smart.who.int.ra#0.1.0/temp/pages) (00:00.002 / 02:19.810, 1Gb)
Troubleshooting Note: usual cases for Jekyll to fail are:                                            (00:00.001 / 02:19.812, 1Gb)
* A failure to produce a fragment that is already logged in the output above                         (00:00.000 / 02:19.812, 1Gb)
* A reference to a manually edited file that hasn't been provided                                    (00:00.000 / 02:19.813, 1Gb)
Jekyll: Source: /workspace/temp/ig-builds/smart.who.int.ra#0.1.0/temp/pages                          (00:00.369 / 02:20.183, 1Gb)
Jekyll: Generating...                                                                                (00:00.000 / 02:20.183, 1Gb)
Jekyll: done in 0.628 seconds.                                                                       (00:00.626 / 02:20.810, 1Gb)
[39m
[0;39m[39mInstalling smart.who.int.ra#0.1.0
[0;39m[39m done.
[0;39mChecking Output HTML                                                                                 (00:00.730 / 02:21.541, 1Gb)
found 689 files                                                                                      (00:00.005 / 02:21.546, 1Gb)
........................................
........................................
  ... 689 html files, 0 pages invalid xhtml (0%)                                                     (00:01.483 / 02:23.031, 1Gb)
  ... 5879 links, 7 broken links (0%)                                                                (00:00.000 / 02:23.031, 1Gb)
Generate fragment-usage-analysis.csv                                                                 (00:00.000 / 02:23.032, 1Gb)
Build final .zip                                                                                     (00:00.006 / 02:23.038, 1Gb)
Final .zip built                                                                                     (00:00.636 / 02:23.675, 1Gb)
[39mInstalling hl7.fhir.r4.examples#4.0.1 to the package cache
[0;39m[39m  Fetching:
[0;39m[39m
[0;39m[39mInstalling hl7.fhir.r4.examples#4.0.1
[0;39m[39m done.
[0;39m[39mInstalling hl7.fhir.uv.extensions.r4#5.2.0 to the package cache
[0;39m[39m  Fetching:
[0;39m[39m
[0;39m[39mInstalling hl7.fhir.uv.extensions.r4#5.2.0
[0;39m[39m done.
[0;39mBuilt. Times: loading: 00:01.042, generate: 01:22.309, narrative generation: 00:00.168, realm-rules: 00:00.001, previous-version: 00:00.000, jekyll: 00:01.007, validation: 00:39.599 (#10), template: 00:00.888 (#3) (00:20.211 / 02:43.886, 1Gb)
Generating QA                                                                                        (00:00.001 / 02:43.887, 1Gb)
Validation output in /workspace/temp/ig-builds/smart.who.int.ra#0.1.0/output/qa.html
Errors: 4, Warnings: 18, Info: 19, Broken Links: 7 (00:00.187 / 02:44.074, 1Gb)
Finished @ 7/1/25, 8:02 AM. Max Memory Used = 1Gb. Log file saved in /tmp/fhir-ig-publisher-tmp.log  (00:00.009 / 02:44.084, 1Gb)
Prepare Build space in /workspace/temp/ig-builds/smart.who.int.ra#0.1.0-milestone
Build IG at /workspace/source: final copy suitable for publication (in /workspace/temp/ig-builds/smart.who.int.ra#0.1.0-milestone) (milestone build)
FHIR IG Publisher Version 2.0.8 (Git# e7d965b03a28). Built 2025-06-27T22:18:09.321Z (3 days old)    
Detected Java version: 23-ea from /usr/local/openjdk-23 on Linux/amd64 (64bit). 4096MB available    
dir = /workspace, path = /home/publisher/bin:/home/publisher/bin/ig-publisher-scripts:/home/publisher/.node/bin:/usr/local/openjdk-23/bin:/usr/local/sbin:/usr/local/bin:/usr/sbin:/usr/bin:/sbin:/bin
Parameters: -ig /workspace/temp/ig-builds/smart.who.int.ra#0.1.0-milestone -publish http://smart.who.int/ra/v0.1.0 -milestone -no-exit
Character encoding = UTF-8 / UTF-8                                                                  
Start Clock @ Tuesday, July 1, 2025, 8:02:21 AM Coordinated Universal Time (2025-07-01T08:02:21Z)   
                                                                                                    
Build FHIR IG from /workspace/temp/ig-builds/smart.who.int.ra#0.1.0-milestone                        (00:00.002 / 00:00.002, 1Gb)
Build Formal Publication package, intended for http://smart.who.int/ra/v0.1.0                        (00:00.000 / 00:00.002, 1Gb)
API keys loaded from /home/publisher/.fhir/fhir-settings.json                                        (00:00.000 / 00:00.003, 1Gb)
Package Cache: /home/publisher/.fhir/packages                                                        (00:00.000 / 00:00.003, 1Gb)
Run Sushi on /workspace/temp/ig-builds/smart.who.int.ra#0.1.0-milestone                              (00:00.001 / 00:00.005, 1Gb)
Sushi: info  Running SUSHI v3.16.2 (implements FHIR Shorthand specification v3.0.0)                  (00:00.425 / 00:00.430, 1Gb)
Sushi: info  Arguments:                                                                              (00:00.000 / 00:00.431, 1Gb)
Sushi: info    --require-latest                                                                      (00:00.000 / 00:00.432, 1Gb)
Sushi: info    --out /workspace/temp/ig-builds/smart.who.int.ra#0.1.0-milestone                      (00:00.000 / 00:00.432, 1Gb)
Sushi: info    /workspace/temp/ig-builds/smart.who.int.ra#0.1.0-milestone                            (00:00.000 / 00:00.433, 1Gb)
Sushi: info  Using configuration file: /workspace/temp/ig-builds/smart.who.int.ra#0.1.0-milestone/sushi-config.yaml (00:00.513 / 00:00.947, 1Gb)
Sushi: info  Importing FSH text...                                                                   (00:00.110 / 00:01.058, 1Gb)
Sushi: info  Preprocessed 4 documents with 10 aliases.                                               (00:00.096 / 00:01.154, 1Gb)
Sushi: info  Imported 0 definitions and 9 instances.                                                 (00:00.003 / 00:01.158, 1Gb)
Sushi: info  Loaded virtual package sushi-r5forR4#1.0.0 with 7 resources                             (00:00.099 / 00:01.257, 1Gb)
Sushi: info  Resolved hl7.fhir.uv.tools.r4#latest to concrete version 0.5.0                          (00:00.520 / 00:01.777, 1Gb)
Sushi: info  Loaded hl7.fhir.uv.tools.r4#0.5.0 with 88 resources                                     (00:00.043 / 00:01.821, 1Gb)
Sushi: info  Loaded hl7.terminology#5.5.0 with 4260 resources                                        (00:00.976 / 00:02.797, 1Gb)
Sushi: info  Loaded hl7.fhir.uv.extensions.r4#5.1.0 with 1397 resources                              (00:00.348 / 00:03.145, 1Gb)
Sushi: info  Loaded hl7.fhir.uv.cql#1.0.0 with 15 resources                                          (00:00.009 / 00:03.154, 1Gb)
Sushi: info  Loaded hl7.fhir.uv.crmi#1.0.0 with 79 resources                                         (00:00.042 / 00:03.197, 1Gb)
Sushi: info  Loaded hl7.fhir.uv.sdc#3.0.0 with 105 resources                                         (00:00.041 / 00:03.238, 1Gb)
Sushi: info  Loaded hl7.fhir.uv.cpg#2.0.0 with 136 resources                                         (00:00.062 / 00:03.300, 1Gb)
Sushi: info  Loaded hl7.fhir.us.cqfmeasures#5.0.0 with 88 resources                                  (00:00.044 / 00:03.345, 1Gb)
Sushi: info  Loaded hl7.fhir.uv.extensions.r5#5.2.0 with 759 resources                               (00:00.181 / 00:03.527, 1Gb)
Sushi: info  Loaded ihe.iti.mcsd#4.0.0 with 48 resources                                             (00:00.023 / 00:03.550, 1Gb)
Sushi: info  Loaded ihe.iti.svcm#1.5.1 with 17 resources                                             (00:00.024 / 00:03.574, 1Gb)
Sushi: info  Loaded smart.who.int.pcmt#0.1.0 with 15 resources                                       (00:00.005 / 00:03.580, 1Gb)
Sushi: info  Loaded smart.who.int.base#0.2.0 with 31 resources                                       (00:00.018 / 00:03.599, 1Gb)
Sushi: info  Loaded hl7.fhir.r4.core#4.0.1 with 4581 resources                                       (00:00.929 / 00:04.529, 1Gb)
Sushi: info  Found 1 non-JSON / non-XML file(s) in directory: /workspace/temp/ig-builds/smart.who.int.ra#0.1.0-milestone/input/examples. Only resource files with JSON or XML extensions are supported. To see the skipped files in the logs, use debug logging. (00:00.006 / 00:04.535, 1Gb)
Sushi: info  Found 1 non-JSON / non-XML file(s) in directory: /workspace/temp/ig-builds/smart.who.int.ra#0.1.0-milestone/input/extensions. Only resource files with JSON or XML extensions are supported. To see the skipped files in the logs, use debug logging. (00:00.001 / 00:04.537, 1Gb)
Sushi: info  Found 1 non-JSON / non-XML file(s) in directory: /workspace/temp/ig-builds/smart.who.int.ra#0.1.0-milestone/input/models. Only resource files with JSON or XML extensions are supported. To see the skipped files in the logs, use debug logging. (00:00.001 / 00:04.539, 1Gb)
Sushi: info  Found 1 non-JSON / non-XML file(s) in directory: /workspace/temp/ig-builds/smart.who.int.ra#0.1.0-milestone/input/profiles. Only resource files with JSON or XML extensions are supported. To see the skipped files in the logs, use debug logging. (00:00.001 / 00:04.540, 1Gb)
Sushi: info  Found 1 non-JSON / non-XML file(s) in directory: /workspace/temp/ig-builds/smart.who.int.ra#0.1.0-milestone/input/resources. Only resource files with JSON or XML extensions are supported. To see the skipped files in the logs, use debug logging. (00:00.001 / 00:04.542, 1Gb)
Sushi: info  Found 1 non-JSON / non-XML file(s) in directory: /workspace/temp/ig-builds/smart.who.int.ra#0.1.0-milestone/input/vocabulary. Only resource files with JSON or XML extensions are supported. To see the skipped files in the logs, use debug logging. (00:00.001 / 00:04.544, 1Gb)
Sushi: info  Loaded virtual package sushi-local#LOCAL with 0 resources                               (00:00.001 / 00:04.545, 1Gb)
Sushi: info  Converting FSH to FHIR resources...                                                     (00:00.012 / 00:04.557, 1Gb)
Sushi: info  Converted 9 FHIR instances.                                                             (00:00.186 / 00:04.744, 1Gb)
Sushi: info  Exporting FHIR resources as JSON...                                                     (00:00.000 / 00:04.745, 1Gb)
Sushi: info  Exported 9 FHIR resources as JSON.                                                      (00:00.002 / 00:04.747, 1Gb)
Sushi: info  Assembling Implementation Guide sources...                                              (00:00.001 / 00:04.749, 1Gb)
Sushi: info  Generated ImplementationGuide-smart.who.int.ra.json                                     (00:00.031 / 00:04.780, 1Gb)
Sushi: info  Assembled Implementation Guide sources; ready for IG Publisher.                         (00:00.000 / 00:04.781, 1Gb)
Sushi: ========================= SUSHI RESULTS ===========================                           (00:00.000 / 00:04.782, 1Gb)
Sushi: |  -------------------------------------------------------------  |                           (00:00.000 / 00:04.782, 1Gb)
Sushi: | |    Profiles   |  Extensions  |   Logicals   |   Resources   | |                           (00:00.000 / 00:04.783, 1Gb)
Sushi: | |-------------------------------------------------------------| |                           (00:00.000 / 00:04.783, 1Gb)
Sushi: | |       0       |      0       |      0       |       0       | |                           (00:00.000 / 00:04.784, 1Gb)
Sushi: |  -------------------------------------------------------------  |                           (00:00.000 / 00:04.784, 1Gb)
Sushi: |  -------------------------------------------------------------  |                           (00:00.000 / 00:04.785, 1Gb)
Sushi: | |      ValueSets     |    CodeSystems    |     Instances      | |                           (00:00.000 / 00:04.786, 1Gb)
Sushi: | |-------------------------------------------------------------| |                           (00:00.000 / 00:04.786, 1Gb)
Sushi: | |         0          |         0         |         9          | |                           (00:00.000 / 00:04.787, 1Gb)
Sushi: |  -------------------------------------------------------------  |                           (00:00.000 / 00:04.787, 1Gb)
Sushi: |                                                                 |                           (00:00.000 / 00:04.788, 1Gb)
Sushi: ===================================================================                           (00:00.000 / 00:04.789, 1Gb)
Sushi: | You've earned a seal of approval.      0 Errors      0 Warnings |                           (00:00.000 / 00:04.789, 1Gb)
Sushi: ===================================================================                           (00:00.000 / 00:04.790, 1Gb)
Unable to load IG as an r5 IG - try R4 (property code is a class com.google.gson.JsonPrimitive looking for an object) (00:00.011 / 00:04.801, 1Gb)
Load Template from who.template.root#current                                                         (00:00.023 / 00:04.824, 1Gb)
 Load Template from fhir.base.template#current                                                       (00:00.369 / 00:05.193, 1Gb)
Root directory: /workspace/temp/ig-builds/smart.who.int.ra#0.1.0-milestone                           (00:01.811 / 00:07.005, 1Gb)
Terminology Cache is at /workspace/temp/ig-builds/smart.who.int.ra#0.1.0-milestone/input-cache/txcache. 7 files in cache (00:00.371 / 00:07.376, 1Gb)
Core Package hl7.fhir.r4.core#4.0.1
Signing Certificate: RSA key for Subject: OU=IG Publisher, L=Ann Arbor, CN=hl7.org, O=HL7, ST=Missouri, C=us from: OU=IG Publisher, L=Ann Arbor, CN=hl7.org, O=HL7, ST=Missouri, C=us
Running Terminology Log: /tmp/ohfu-fhir-ig-13119585750498525945.html
Connect to Terminology Server at http://tx.fhir.org                                                  (00:01.795 / 00:09.171, 2Gb)
[39mLoad Package hl7.fhir.pubpack#0.2.3
[0;39m[39mLoad Package hl7.fhir.xver-extensions#0.1.0
[0;39m[39mLoad Package hl7.fhir.uv.extensions.r4#1.0.0
[0;39m[39mLoad Package hl7.terminology#5.5.0
[0;39m[39mLoad Package hl7.fhir.uv.extensions.r4#5.1.0
[0;39m[39mLoad Package hl7.fhir.uv.cql#1.0.0
[0;39m[39mLoad Package hl7.fhir.uv.crmi#1.0.0
[0;39mIgnore Dependency on Core FHIR hl7.fhir.r4.examples#4.0.1, from package 'hl7.fhir.uv.sdc#3.0.0'      (00:03.623 / 00:12.795, 615Mb)
[39mLoad Package hl7.fhir.uv.sdc#3.0.0
[0;39m[39mLoad Package hl7.terminology.r4#6.1.0
[0;39m[39mLoad Package hl7.fhir.uv.cpg#2.0.0
[0;39m[39mLoad Package hl7.terminology.r4#6.0.2
[0;39m[39mLoad Package hl7.fhir.us.cqfmeasures#5.0.0
[0;39mVersion mismatch. This IG is version 4.0.1, while the IG 'hl7.fhir.uv.extensions.r5' is from version 5.0.0 (will try to run anyway) (00:01.717 / 00:14.512, 806Mb)
Ignore Dependency on Core FHIR hl7.fhir.r5.core#5.0.0, from package 'hl7.fhir.uv.extensions.r5#5.2.0' (00:00.000 / 00:14.513, 806Mb)
[39mLoad Package hl7.fhir.uv.extensions.r5#5.2.0
[0;39m[39mLoad Package hl7.terminology.r4#6.3.0
[0;39m[39mLoad Package hl7.terminology.r4#5.3.0
[0;39m[39mLoad Package ihe.iti.balp#1.1.3
[0;39m[39mLoad Package ihe.iti.mcsd#4.0.0
[0;39m[39mLoad Package hl7.terminology.r4#5.0.0
[0;39m[39mLoad Package ihe.iti.balp#1.1.3
[0;39m[39mLoad Package ihe.iti.svcm#1.5.1
[0;39m[39mLoad Package hl7.terminology.r4#6.4.0
[0;39m[39mLoad Package smart.who.int.base#0.1.0
[0;39m[39mLoad Package smart.who.int.pcmt#0.1.0
[0;39m[39mLoad Package smart.who.int.base#0.2.0
[0;39m[39mLoad Package hl7.fhir.uv.tools.r4#0.5.0
[0;39mLoad R5 Specials
Initialization complete                                                                              (00:14.931 / 00:29.444, 1Gb)
Load IG                                                                                              (00:00.000 / 00:29.445, 1Gb)
Load Content                                                                                         (00:00.001 / 00:29.446, 1Gb)
Using en-US as the default narrative language. (no language information in Implementation Guide)     (00:00.014 / 00:29.461, 1Gb)
Process Loaded Resources                                                                             (00:00.121 / 00:29.583, 1Gb)
Generating Snapshots                                                                                 (00:00.095 / 00:29.678, 1Gb)
loadPrePages from FetchedFile[/workspace/temp/ig-builds/smart.who.int.ra#0.1.0-milestone/fsh-generated/includes] as /workspace/temp/ig-builds/smart.who.int.ra#0.1.0-milestone/fsh-generated/includes
loadPrePages from FetchedFile[/workspace/temp/ig-builds/smart.who.int.ra#0.1.0-milestone/input/data] as /workspace/temp/ig-builds/smart.who.int.ra#0.1.0-milestone/input/data
loadPrePages from FetchedFile[/workspace/temp/ig-builds/smart.who.int.ra#0.1.0-milestone/input/pagecontent] as /workspace/temp/ig-builds/smart.who.int.ra#0.1.0-milestone/input/pagecontent
Fetch http://smart.who.int/ra/package-list.json for version check                                    (00:00.017 / 00:29.696, 1Gb)
Processing Conformance Resources                                                                     (00:00.255 / 00:29.951, 1Gb)
Checking Language                                                                                    (00:00.000 / 00:29.952, 1Gb)
Load Dependency Info                                                                                 (00:00.000 / 00:29.953, 1Gb)
Load Info                                                                                            (00:00.000 / 00:29.953, 1Gb)
Load Paths                                                                                           (00:00.000 / 00:29.954, 1Gb)
Check R4 / R4B                                                                                       (00:00.000 / 00:29.955, 1Gb)
Assign Comparison Ids                                                                                (00:00.005 / 00:29.961, 1Gb)
Propagating status                                                                                   (00:00.000 / 00:29.962, 1Gb)
Generating Narratives                                                                                (00:00.000 / 00:29.963, 1Gb)
Validating Conformance Resources                                                                     (00:00.109 / 00:30.073, 1Gb)
Check profiles & code systems                                                                        (00:38.124 / 01:08.197, 1Gb)
Check realm rules                                                                                    (00:00.000 / 01:08.198, 1Gb)
Previous Version Comparison                                                                          (00:00.000 / 01:08.198, 1Gb)
Validating Resources                                                                                 (00:00.005 / 01:08.204, 1Gb)
Processing Provenance Records                                                                        (00:00.000 / 01:08.205, 1Gb)
Checking for Bundles to sign                                                                         (00:00.000 / 01:08.206, 1Gb)
Generating Outputs in /workspace/temp/ig-builds/smart.who.int.ra#0.1.0-milestone/output              (00:00.000 / 01:08.207, 1Gb)
Generate Native Outputs                                                                              (00:00.058 / 01:08.265, 1Gb)
Run Template                                                                                         (00:00.249 / 01:08.515, 1Gb)
Generate HTML Outputs                                                                                (00:00.822 / 01:09.337, 882Mb)
Generate Spreadsheets                                                                                (00:00.259 / 01:09.597, 921Mb)
Generate Summaries                                                                                   (00:00.000 / 01:09.597, 921Mb)
Generating Summary Outputs                                                                           (00:00.000 / 01:09.598, 921Mb)
DB Cumulative Time invested: 00:00:00.57
Sending Usage Stats to Server                                                                        (00:14.337 / 01:23.936, 1Gb)
## Memory (MB): Use = 1598, Free = 737, Total = 2336, Max = 4096                                     (00:00.002 / 01:23.938, 1Gb)
Reclaiming memory...                                                                                 (00:00.000 / 01:23.939, 1Gb)
## Memory (MB): Use = 1144, Free = 1191, Total = 2336, Max = 4096                                    (00:00.598 / 01:24.537, 1Gb)
Run jekyll: jekyll build --destination "/workspace/temp/ig-builds/smart.who.int.ra#0.1.0-milestone/output" (in folder /workspace/temp/ig-builds/smart.who.int.ra#0.1.0-milestone/temp/pages) (00:00.001 / 01:24.538, 1Gb)
Troubleshooting Note: usual cases for Jekyll to fail are:                                            (00:00.000 / 01:24.539, 1Gb)
* A failure to produce a fragment that is already logged in the output above                         (00:00.000 / 01:24.540, 1Gb)
* A reference to a manually edited file that hasn't been provided                                    (00:00.000 / 01:24.541, 1Gb)
Jekyll: Source: /workspace/temp/ig-builds/smart.who.int.ra#0.1.0-milestone/temp/pages                (00:00.346 / 01:24.887, 1Gb)
Jekyll: Generating...                                                                                (00:00.000 / 01:24.888, 1Gb)
Jekyll: done in 0.646 seconds.                                                                       (00:00.645 / 01:25.533, 1Gb)
[39m
[0;39m[39mInstalling smart.who.int.ra#0.1.0
[0;39mChecking Output HTML                                                                                 (00:00.077 / 01:25.611, 1Gb)
found 689 files                                                                                      (00:00.004 / 01:25.615, 1Gb)
........................................
........................................
  ... 689 html files, 0 pages invalid xhtml (0%)                                                     (00:00.770 / 01:26.386, 1Gb)
  ... 5879 links, 7 broken links (0%)                                                                (00:00.001 / 01:26.387, 1Gb)
Generate fragment-usage-analysis.csv                                                                 (00:00.001 / 01:26.388, 1Gb)
Build final .zip                                                                                     (00:00.008 / 01:26.396, 1Gb)
Final .zip built                                                                                     (00:00.636 / 01:27.033, 1Gb)
Built. Times: loading: 00:00.504, generate: 01:02.739, narrative generation: 00:00.108, realm-rules: 00:00.000, previous-version: 00:00.000, jekyll: 00:01.003, validation: 00:38.063 (#10), template: 00:00.827 (#3) (00:05.657 / 01:32.690, 1Gb)
Generating QA                                                                                        (00:00.001 / 01:32.691, 1Gb)
Validation output in /workspace/temp/ig-builds/smart.who.int.ra#0.1.0-milestone/output/qa.html
Errors: 4, Warnings: 18, Info: 19, Broken Links: 7 (00:00.077 / 01:32.769, 1Gb)
Finished @ 7/1/25, 8:03 AM. Max Memory Used = 2Gb. Log file saved in /tmp/fhir-ig-publisher-tmp.log  (00:00.004 / 01:32.773, 1Gb)
Keep a copy of the build directory at /workspace/temp/web-root/run-20250701/ig-build-zips/smart.who.int.ra#0.1.0.zip

ok. All checks passed. Publish v0.1.0 to /workspace/temp/web-root/run-20250701/ra/v0.1.0
Copy the IG to /workspace/temp/web-root/run-20250701/ra/v0.1.0
Update /workspace/temp/web-root/run-20250701/ra/package-list.json
Publish Box Statement: This page is part of the Reference Architecture (v0.1.0: Releases Draft) based on <a data-no-external="true" href="http://hl7.org/fhir/R4">FHIR (HL7® FHIR® Standard) R4</a>. This is the current published version in its permanent home (it will always be available at this URL).  For a full list of available versions, see the <a data-no-external="true" href="http://smart.who.int/ra/history.html">Directory of published versions</a>
  .. 90 files checked, 90 updated
  .. 23 clones checked, 46 updated
  .. 10 redirections (10 created/updated)
This is a milestone release - publish v0.1.0 to /workspace/temp/web-root/run-20250701/ra
Publish Box Statement: This page is part of the Reference Architecture (v0.1.0: Releases Draft) based on <a data-no-external="true" href="http://hl7.org/fhir/R4">FHIR (HL7® FHIR® Standard) R4</a>. This is the current published version.  For a full list of available versions, see the <a data-no-external="true" href="http://smart.who.int/ra/history.html">Directory of published versions</a>
  .. 90 files checked, 90 updated
  .. 23 clones checked, 46 updated
  .. 10 redirections (10 created/updated)
Check for Files to delete
  ... 0 files
Copy to new IG /workspace/temp/web-root/run-20250701/ra
[Fatal Error] :1:1: Content is not allowed in prolog.
Unable to process RSS feed /workspace/temp/web-root/run-20250701/publication-feed.xml as XML - processing as text instead (Content is not allowed in prolog.)
smart.who.int.ra (http://smart.who.int/ra): Reference Architecture @ http://worldhealthorganization.github.io/smart-ra
  candidate: Releases Draft 0.1.0/4.0.1 @ http://smart.who.int/ra/v0.1.0
Build is complete. Copy from /workspace/temp/web-root/run-20250701
Update history page at /workspace/temp/web-root/run-20250701/ra from /workspace/history-template and /workspace/webroot/templates
